2019-12-09 20:27:38.576360906 [ThreadId 4] - run entered for hie-wrapper(hie) Version 0.13.0.0 x86_64 ghc-8.6.5
2019-12-09 20:27:38.576534367 [ThreadId 4] - Current directory:/home/projects/ergvein
2019-12-09 20:27:38.576568408 [ThreadId 4] - Operating system:linux
2019-12-09 20:27:38.57913474 [ThreadId 4] - Cradle directory:/home/projects/ergvein
2019-12-09 20:27:38.579246279 [ThreadId 4] - Using plain GHC version
2019-12-09 20:27:38.579334032 [ThreadId 4] - Project GHC version:No System GHC found
2019-12-09 20:27:38.579361825 [ThreadId 4] - hie exe candidates :["hie-No System GHC found","hie","hie"]
2019-12-09 20:27:38.579518802 [ThreadId 4] - found hie exe at:/nix/store/cqjylkc7yi8i1fkny2cb1v81rqx9gy2a-haskell-ide-engine-combined/libexec/bin/hie
2019-12-09 20:27:38.579581762 [ThreadId 4] - args:["--lsp","-d","-l","./hie.log"]
2019-12-09 20:27:38.579601744 [ThreadId 4] - launching ....



2019-12-09 20:28:21.104112439 [ThreadId 4] - run entered for hie-wrapper(hie) Version 0.13.0.0 x86_64 ghc-8.6.5
2019-12-09 20:28:21.104282343 [ThreadId 4] - Current directory:/home/projects/ergvein
2019-12-09 20:28:21.10431739 [ThreadId 4] - Operating system:linux
2019-12-09 20:28:21.106664819 [ThreadId 4] - Cradle directory:/home/projects/ergvein
2019-12-09 20:28:21.106759487 [ThreadId 4] - Using plain GHC version
2019-12-09 20:28:21.106844218 [ThreadId 4] - Project GHC version:No System GHC found
2019-12-09 20:28:21.106871296 [ThreadId 4] - hie exe candidates :["hie-No System GHC found","hie","hie"]
2019-12-09 20:28:21.106990358 [ThreadId 4] - found hie exe at:/nix/store/cqjylkc7yi8i1fkny2cb1v81rqx9gy2a-haskell-ide-engine-combined/libexec/bin/hie
2019-12-09 20:28:21.10701731 [ThreadId 4] - args:["--lsp","-d","-l","./hie.log"]
2019-12-09 20:28:21.107037784 [ThreadId 4] - launching ....



2019-12-09 20:30:41.355669532 [ThreadId 4] - run entered for hie-wrapper(hie) Version 0.13.0.0 x86_64 ghc-8.6.5
2019-12-09 20:30:41.355848213 [ThreadId 4] - Current directory:/home/projects/ergvein
2019-12-09 20:30:41.355883138 [ThreadId 4] - Operating system:linux
2019-12-09 20:30:41.358298745 [ThreadId 4] - Cradle directory:/home/projects/ergvein
2019-12-09 20:30:41.358395138 [ThreadId 4] - Using plain GHC version
2019-12-09 20:30:41.35848168 [ThreadId 4] - Project GHC version:No System GHC found
2019-12-09 20:30:41.358509599 [ThreadId 4] - hie exe candidates :["hie-No System GHC found","hie","hie"]
2019-12-09 20:30:41.35863122 [ThreadId 4] - found hie exe at:/nix/store/cqjylkc7yi8i1fkny2cb1v81rqx9gy2a-haskell-ide-engine-combined/libexec/bin/hie
2019-12-09 20:30:41.35865786 [ThreadId 4] - args:["--lsp","-d","-l","./hie.log"]
2019-12-09 20:30:41.358678461 [ThreadId 4] - launching ....



