LOG:  could not bind IPv4 socket: Address already in use
HINT:  Is another postmaster already running on port 5434? If not, wait a few seconds and retry.
WARNING:  could not create listen socket for "localhost"
FATAL:  could not create any TCP/IP sockets
LOG:  database system is shut down
LOG:  could not bind IPv4 socket: Address already in use
HINT:  Is another postmaster already running on port 5434? If not, wait a few seconds and retry.
WARNING:  could not create listen socket for "localhost"
FATAL:  could not create any TCP/IP sockets
LOG:  database system is shut down
LOG:  database system was shut down at 2019-10-18 13:08:48 EEST
LOG:  MultiXact member wraparound protections are now enabled
LOG:  database system is ready to accept connections
LOG:  autovacuum launcher started
FATAL:  role "localUser" does not exist
LOG:  could not bind IPv4 socket: Address already in use
HINT:  Is another postmaster already running on port 5434? If not, wait a few seconds and retry.
WARNING:  could not create listen socket for "localhost"
FATAL:  could not create any TCP/IP sockets
LOG:  database system is shut down
FATAL:  database "localUser" does not exist
LOG:  database system was shut down at 2019-10-18 20:55:42 EEST
LOG:  MultiXact member wraparound protections are now enabled
LOG:  database system is ready to accept connections
LOG:  autovacuum launcher started
FATAL:  role "localUser" does not exist
FATAL:  role "localUser" does not exist
LOG:  could not bind IPv4 socket: Address already in use
HINT:  Is another postmaster already running on port 5434? If not, wait a few seconds and retry.
WARNING:  could not create listen socket for "localhost"
FATAL:  could not create any TCP/IP sockets
LOG:  database system is shut down
LOG:  could not bind IPv4 socket: Address already in use
HINT:  Is another postmaster already running on port 5434? If not, wait a few seconds and retry.
WARNING:  could not create listen socket for "localhost"
FATAL:  could not create any TCP/IP sockets
LOG:  database system is shut down
LOG:  database system was shut down at 2019-10-21 17:21:57 EEST
LOG:  MultiXact member wraparound protections are now enabled
LOG:  database system is ready to accept connections
LOG:  autovacuum launcher started
LOG:  database system was interrupted; last known up at 2019-10-21 17:26:58 EEST
LOG:  database system was not properly shut down; automatic recovery in progress
LOG:  invalid record length at 0/1566760: wanted 24, got 0
LOG:  redo is not required
LOG:  MultiXact member wraparound protections are now enabled
LOG:  database system is ready to accept connections
LOG:  autovacuum launcher started
